<?xml version="1.0" encoding="UTF-8"?>
<!-- Generated by org.testng.reporters.JUnitReportReporter -->
<testsuite hostname="DESKTOP-0AHARA7" failures="0" tests="1" name="com.brd.qa.testcases.SignInTest" time="17.061" errors="0" timestamp="23 Jan 2023 19:33:17 GMT" skipped="0">
  <testcase classname="com.brd.qa.testcases.SignInTest" name="ValidateLoginTest" time="17.061"/>
</testsuite> <!-- com.brd.qa.testcases.SignInTest -->
