<?xml version="1.0" encoding="UTF-8"?>
<!-- Generated by org.testng.reporters.JUnitReportReporter -->
<testsuite hostname="DESKTOP-0AHARA7" failures="0" tests="2" name="com.brd.qa.testcases.HomePageTest" time="63.996" errors="0" timestamp="26 Jan 2023 21:57:45 GMT" skipped="0">
  <testcase classname="com.brd.qa.testcases.HomePageTest" name="LoginTest" time="21.251"/>
  <testcase classname="com.brd.qa.testcases.HomePageTest" name="KeywordSearchTest" time="42.745"/>
</testsuite> <!-- com.brd.qa.testcases.HomePageTest -->
